<?xml version="1.0" encoding="UTF-8"?>
<coverage generated="1757976512339" clover="3.2.0">
  <project timestamp="1757976512339" name="All files">
    <metrics statements="22" coveredstatements="20" conditionals="4" coveredconditionals="2" methods="4" coveredmethods="4" elements="30" coveredelements="26" complexity="0" loc="22" ncloc="22" packages="1" files="1" classes="1"/>
    <file name="admin.routes.ts" path="C:\Users\jaysh\SeniorProject\webServer\src\routes\admin.routes.ts">
      <metrics statements="22" coveredstatements="20" conditionals="4" coveredconditionals="2" methods="4" coveredmethods="4"/>
      <line num="1" count="2" type="stmt"/>
      <line num="2" count="2" type="stmt"/>
      <line num="3" count="2" type="stmt"/>
      <line num="5" count="2" type="stmt"/>
      <line num="57" count="7" type="stmt"/>
      <line num="58" count="7" type="stmt"/>
      <line num="59" count="7" type="cond" truecount="1" falsecount="1"/>
      <line num="60" count="0" type="stmt"/>
      <line num="63" count="7" type="stmt"/>
      <line num="64" count="7" type="stmt"/>
      <line num="78" count="5" type="stmt"/>
      <line num="84" count="2" type="stmt"/>
      <line num="87" count="7" type="stmt"/>
      <line num="149" count="15" type="stmt"/>
      <line num="150" count="15" type="stmt"/>
      <line num="152" count="15" type="cond" truecount="1" falsecount="1"/>
      <line num="153" count="0" type="stmt"/>
      <line num="156" count="15" type="stmt"/>
      <line num="157" count="15" type="stmt"/>
      <line num="175" count="11" type="stmt"/>
      <line num="177" count="4" type="stmt"/>
      <line num="184" count="2" type="stmt"/>
    </file>
  </project>
</coverage>
