{"C:\\Users\\jaysh\\SeniorProject\\webServer\\src\\routes\\admin.routes.ts": {"path":"C:\\Users\\jaysh\\SeniorProject\\webServer\\src\\routes\\admin.routes.ts","statementMap":{"0":{"start":{"line":1,"column":0},"end":{"line":1,"column":33}},"1":{"start":{"line":2,"column":0},"end":{"line":2,"column":44}},"2":{"start":{"line":3,"column":0},"end":{"line":3,"column":49}},"3":{"start":{"line":5,"column":15},"end":{"line":5,"column":23}},"4":{"start":{"line":36,"column":0},"end":{"line":50,"column":3}},"5":{"start":{"line":36,"column":53},"end":{"line":50,"column":2}},"6":{"start":{"line":37,"column":21},"end":{"line":37,"column":24}},"7":{"start":{"line":38,"column":4},"end":{"line":40,"column":5}},"8":{"start":{"line":39,"column":8},"end":{"line":39,"column":81}},"9":{"start":{"line":42,"column":4},"end":{"line":47,"column":5}},"10":{"start":{"line":43,"column":22},"end":{"line":43,"column":50}},"11":{"start":{"line":44,"column":8},"end":{"line":44,"column":103}},"12":{"start":{"line":46,"column":8},"end":{"line":46,"column":83}},"13":{"start":{"line":49,"column":4},"end":{"line":49,"column":103}},"14":{"start":{"line":57,"column":0},"end":{"line":57,"column":22}}},"fnMap":{"0":{"name":"(anonymous_8)","decl":{"start":{"line":36,"column":34},"end":{"line":36,"column":41}},"loc":{"start":{"line":36,"column":53},"end":{"line":50,"column":2}}},"1":{"name":"(anonymous_9)","decl":{"start":{"line":36,"column":53},"end":{"line":36,"column":null}},"loc":{"start":{"line":36,"column":53},"end":{"line":50,"column":1}}}},"branchMap":{"0":{"loc":{"start":{"line":38,"column":4},"end":{"line":40,"column":5}},"type":"if","locations":[{"start":{"line":38,"column":4},"end":{"line":40,"column":5}},{"start":{},"end":{}}]}},"s":{"0":1,"1":1,"2":1,"3":1,"4":1,"5":7,"6":7,"7":7,"8":0,"9":7,"10":7,"11":5,"12":2,"13":7,"14":1},"f":{"0":7,"1":7},"b":{"0":[0,7]}}
}
