{"C:\\Users\\jaysh\\SeniorProject\\webServer\\src\\routes\\admin.routes.ts": {"path":"C:\\Users\\jaysh\\SeniorProject\\webServer\\src\\routes\\admin.routes.ts","statementMap":{"0":{"start":{"line":1,"column":0},"end":{"line":1,"column":33}},"1":{"start":{"line":2,"column":0},"end":{"line":2,"column":44}},"2":{"start":{"line":3,"column":0},"end":{"line":3,"column":49}},"3":{"start":{"line":5,"column":15},"end":{"line":5,"column":23}},"4":{"start":{"line":57,"column":0},"end":{"line":92,"column":3}},"5":{"start":{"line":57,"column":53},"end":{"line":92,"column":2}},"6":{"start":{"line":58,"column":19},"end":{"line":58,"column":22}},"7":{"start":{"line":59,"column":2},"end":{"line":61,"column":3}},"8":{"start":{"line":60,"column":4},"end":{"line":60,"column":77}},"9":{"start":{"line":63,"column":2},"end":{"line":85,"column":3}},"10":{"start":{"line":64,"column":18},"end":{"line":77,"column":6}},"11":{"start":{"line":78,"column":4},"end":{"line":82,"column":7}},"12":{"start":{"line":84,"column":4},"end":{"line":84,"column":79}},"13":{"start":{"line":87,"column":2},"end":{"line":91,"column":5}},"14":{"start":{"line":149,"column":0},"end":{"line":179,"column":3}},"15":{"start":{"line":149,"column":54},"end":{"line":179,"column":2}},"16":{"start":{"line":150,"column":21},"end":{"line":150,"column":24}},"17":{"start":{"line":152,"column":4},"end":{"line":154,"column":5}},"18":{"start":{"line":153,"column":8},"end":{"line":153,"column":81}},"19":{"start":{"line":156,"column":4},"end":{"line":178,"column":5}},"20":{"start":{"line":157,"column":23},"end":{"line":174,"column":10}},"21":{"start":{"line":175,"column":8},"end":{"line":175,"column":106}},"22":{"start":{"line":177,"column":8},"end":{"line":177,"column":84}},"23":{"start":{"line":184,"column":0},"end":{"line":184,"column":22}}},"fnMap":{"0":{"name":"(anonymous_8)","decl":{"start":{"line":57,"column":34},"end":{"line":57,"column":41}},"loc":{"start":{"line":57,"column":53},"end":{"line":92,"column":2}}},"1":{"name":"(anonymous_9)","decl":{"start":{"line":57,"column":53},"end":{"line":57,"column":null}},"loc":{"start":{"line":57,"column":53},"end":{"line":92,"column":1}}},"2":{"name":"(anonymous_10)","decl":{"start":{"line":149,"column":35},"end":{"line":149,"column":42}},"loc":{"start":{"line":149,"column":54},"end":{"line":179,"column":2}}},"3":{"name":"(anonymous_11)","decl":{"start":{"line":149,"column":54},"end":{"line":149,"column":null}},"loc":{"start":{"line":149,"column":54},"end":{"line":179,"column":1}}}},"branchMap":{"0":{"loc":{"start":{"line":59,"column":2},"end":{"line":61,"column":3}},"type":"if","locations":[{"start":{"line":59,"column":2},"end":{"line":61,"column":3}},{"start":{},"end":{}}]},"1":{"loc":{"start":{"line":152,"column":4},"end":{"line":154,"column":5}},"type":"if","locations":[{"start":{"line":152,"column":4},"end":{"line":154,"column":5}},{"start":{},"end":{}}]}},"s":{"0":2,"1":2,"2":2,"3":2,"4":2,"5":7,"6":7,"7":7,"8":0,"9":7,"10":7,"11":5,"12":2,"13":7,"14":2,"15":15,"16":15,"17":15,"18":0,"19":15,"20":15,"21":11,"22":4,"23":2},"f":{"0":7,"1":7,"2":15,"3":15},"b":{"0":[0,7],"1":[0,15]}}
}
