TN:
SF:src\routes\admin.routes.ts
FN:57,(anonymous_8)
FN:57,(anonymous_9)
FN:149,(anonymous_10)
FN:149,(anonymous_11)
FNF:4
FNH:4
FNDA:7,(anonymous_8)
FNDA:7,(anonymous_9)
FNDA:15,(anonymous_10)
FNDA:15,(anonymous_11)
DA:1,2
DA:2,2
DA:3,2
DA:5,2
DA:57,7
DA:58,7
DA:59,7
DA:60,0
DA:63,7
DA:64,7
DA:78,5
DA:84,2
DA:87,7
DA:149,15
DA:150,15
DA:152,15
DA:153,0
DA:156,15
DA:157,15
DA:175,11
DA:177,4
DA:184,2
LF:22
LH:20
BRDA:59,0,0,0
BRDA:59,0,1,7
BRDA:152,1,0,0
BRDA:152,1,1,15
BRF:4
BRH:2
end_of_record
